<?xml version="1.0" encoding="UTF-8"?>
<!-- Generated by org.testng.reporters.JUnitXMLReporter -->
<testsuite ignored="0" hostname="DESKTOP-EVVE8QT" failures="0" tests="2" name="Default test" time="108.105" errors="0" timestamp="2022-02-01T11:23:38 IST">
  <testcase classname="com.crm.vtiger.organizationTest.CreateOrganizationtest" name="createOrgWithIndType" time="24.758"/>
  <testcase classname="com.crm.vtiger.organizationTest.CreateOrganizationtest" name="createOrganization" time="7.613"/>
</testsuite> <!-- Default test -->
