<?xml version="1.0" encoding="UTF-8"?>
<!-- Generated by org.testng.reporters.JUnitXMLReporter -->
<testsuite ignored="0" hostname="DESKTOP-EVVE8QT" failures="0" tests="2" name="Default test" time="63.581" errors="0" timestamp="2022-02-02T10:48:39 IST">
  <testcase classname="com.crm.vtiger.organizationTest.CreateOrganizationtest" name="createOrgWithIndType" time="7.495"/>
  <testcase classname="com.crm.vtiger.organizationTest.CreateOrganizationtest" name="createOrganization" time="6.862"/>
</testsuite> <!-- Default test -->
