<?xml version="1.0" encoding="UTF-8"?>
<!-- Generated by org.testng.reporters.JUnitXMLReporter -->
<testsuite ignored="2" hostname="DESKTOP-EVVE8QT" failures="0" tests="4" name="Test" time="138.438" errors="0" timestamp="2022-01-22T13:40:16 IST">
  <testcase classname="com.crm.comcast.contactsTest.CreateContactsTest" name="createContacts" time="8.084"/>
  <testcase classname="com.crm.comcast.contactsTest.CreateContactsTest" name="createContactsWithOrg" time="14.689"/>
  <testcase classname="com.crm.vtiger.organizationTest.CreateOrganizationtest" name="createOrgWithIndType" time="7.692"/>
  <testcase classname="com.crm.vtiger.organizationTest.CreateOrganizationtest" name="createOrganization" time="7.733"/>
  <testcase classname="com.crm.GenericUtility_Test.BaseAnnotationClass" name="@BeforeSuite configBS" time="0.0">
    <ignored/>
  </testcase> <!-- @BeforeSuite configBS -->
  <testcase classname="com.crm.GenericUtility_Test.BaseAnnotationClass" name="@AfterSuite configAS" time="0.0">
    <ignored/>
  </testcase> <!-- @AfterSuite configAS -->
</testsuite> <!-- Test -->
