<?xml version="1.0" encoding="UTF-8"?>
<!-- Generated by org.testng.reporters.JUnitXMLReporter -->
<testsuite ignored="4" hostname="DESKTOP-EVVE8QT" failures="0" tests="2" name="Test" time="96.811" errors="0" timestamp="2022-01-21T13:34:07 IST">
  <testcase classname="com.crm.comcast.contactsTest.CreateContactsTest" name="createContactsWithOrg" time="24.231"/>
  <testcase classname="com.crm.vtiger.organizationTest.CreateOrganizationtest" name="createOrgWithIndType" time="7.516"/>
  <testcase classname="com.crm.vtiger.organizationTest.CreateOrganizationtest" name="createOrganization" time="0.0">
    <ignored/>
  </testcase> <!-- createOrganization -->
  <testcase classname="com.crm.GenericUtility_Test.BaseAnnotationClass" name="@BeforeSuite configBS" time="0.0">
    <ignored/>
  </testcase> <!-- @BeforeSuite configBS -->
  <testcase classname="com.crm.comcast.contactsTest.CreateContactsTest" name="createContacts" time="0.0">
    <ignored/>
  </testcase> <!-- createContacts -->
  <testcase classname="com.crm.GenericUtility_Test.BaseAnnotationClass" name="@AfterSuite configAS" time="0.0">
    <ignored/>
  </testcase> <!-- @AfterSuite configAS -->
</testsuite> <!-- Test -->
