<?xml version="1.0" encoding="UTF-8"?>
<testng-results ignored="0" total="2" passed="2" failed="0" skipped="0">
  <reporter-output>
  </reporter-output>
  <suite started-at="2022-02-02T10:47:36 IST" name="Default suite" finished-at="2022-02-02T10:48:39 IST" duration-ms="63581">
    <groups>
      <group name="smoke Test">
        <method signature="CreateOrganizationtest.createOrganization()[pri:0, instance:com.crm.vtiger.organizationTest.CreateOrganizationtest@3d6f0054]" name="createOrganization" class="com.crm.vtiger.organizationTest.CreateOrganizationtest"/>
      </group> <!-- smoke Test -->
      <group name="regression Test">
        <method signature="CreateOrganizationtest.createOrgWithIndType()[pri:0, instance:com.crm.vtiger.organizationTest.CreateOrganizationtest@3d6f0054]" name="createOrgWithIndType" class="com.crm.vtiger.organizationTest.CreateOrganizationtest"/>
      </group> <!-- regression Test -->
    </groups>
    <test started-at="2022-02-02T10:47:36 IST" name="Default test" finished-at="2022-02-02T10:48:39 IST" duration-ms="63581">
      <class name="com.crm.vtiger.organizationTest.CreateOrganizationtest">
        <test-method is-config="true" signature="configBS()[pri:0, instance:com.crm.vtiger.organizationTest.CreateOrganizationtest@3d6f0054]" started-at="2022-02-02T10:47:36 IST" name="configBS" finished-at="2022-02-02T10:47:36 IST" duration-ms="11" status="PASS">
          <reporter-output>
          </reporter-output>
        </test-method> <!-- configBS -->
        <test-method is-config="true" signature="configBC()[pri:0, instance:com.crm.vtiger.organizationTest.CreateOrganizationtest@3d6f0054]" started-at="2022-02-02T10:47:36 IST" name="configBC" finished-at="2022-02-02T10:47:39 IST" duration-ms="2816" status="PASS">
          <reporter-output>
          </reporter-output>
        </test-method> <!-- configBC -->
        <test-method is-config="true" signature="configBM()[pri:0, instance:com.crm.vtiger.organizationTest.CreateOrganizationtest@3d6f0054]" started-at="2022-02-02T10:47:39 IST" name="configBM" finished-at="2022-02-02T10:48:01 IST" duration-ms="22098" status="PASS">
          <reporter-output>
          </reporter-output>
        </test-method> <!-- configBM -->
        <test-method signature="createOrgWithIndType()[pri:0, instance:com.crm.vtiger.organizationTest.CreateOrganizationtest@3d6f0054]" started-at="2022-02-02T10:48:01 IST" name="createOrgWithIndType" finished-at="2022-02-02T10:48:08 IST" duration-ms="7495" status="PASS">
          <reporter-output>
          </reporter-output>
        </test-method> <!-- createOrgWithIndType -->
        <test-method is-config="true" signature="configAM()[pri:0, instance:com.crm.vtiger.organizationTest.CreateOrganizationtest@3d6f0054]" started-at="2022-02-02T10:48:08 IST" name="configAM" finished-at="2022-02-02T10:48:09 IST" duration-ms="1110" status="PASS">
          <reporter-output>
          </reporter-output>
        </test-method> <!-- configAM -->
        <test-method is-config="true" signature="configBM()[pri:0, instance:com.crm.vtiger.organizationTest.CreateOrganizationtest@3d6f0054]" started-at="2022-02-02T10:48:09 IST" name="configBM" finished-at="2022-02-02T10:48:31 IST" duration-ms="22019" status="PASS">
          <reporter-output>
          </reporter-output>
        </test-method> <!-- configBM -->
        <test-method signature="createOrganization()[pri:0, instance:com.crm.vtiger.organizationTest.CreateOrganizationtest@3d6f0054]" started-at="2022-02-02T10:48:31 IST" name="createOrganization" finished-at="2022-02-02T10:48:38 IST" duration-ms="6862" status="PASS">
          <reporter-output>
          </reporter-output>
        </test-method> <!-- createOrganization -->
        <test-method is-config="true" signature="configAM()[pri:0, instance:com.crm.vtiger.organizationTest.CreateOrganizationtest@3d6f0054]" started-at="2022-02-02T10:48:38 IST" name="configAM" finished-at="2022-02-02T10:48:39 IST" duration-ms="1054" status="PASS">
          <reporter-output>
          </reporter-output>
        </test-method> <!-- configAM -->
        <test-method is-config="true" signature="configAC()[pri:0, instance:com.crm.vtiger.organizationTest.CreateOrganizationtest@3d6f0054]" started-at="2022-02-02T10:48:39 IST" name="configAC" finished-at="2022-02-02T10:48:39 IST" duration-ms="88" status="PASS">
          <reporter-output>
          </reporter-output>
        </test-method> <!-- configAC -->
        <test-method is-config="true" signature="configAS()[pri:0, instance:com.crm.vtiger.organizationTest.CreateOrganizationtest@3d6f0054]" started-at="2022-02-02T10:48:39 IST" name="configAS" finished-at="2022-02-02T10:48:39 IST" duration-ms="1" status="PASS">
          <reporter-output>
          </reporter-output>
        </test-method> <!-- configAS -->
      </class> <!-- com.crm.vtiger.organizationTest.CreateOrganizationtest -->
    </test> <!-- Default test -->
  </suite> <!-- Default suite -->
</testng-results>
