<?xml version="1.0" encoding="UTF-8"?>
<testng-results ignored="0" total="2" passed="2" failed="0" skipped="0">
  <reporter-output>
  </reporter-output>
  <suite started-at="2022-02-01T11:21:50 IST" name="Default suite" finished-at="2022-02-01T11:23:38 IST" duration-ms="108105">
    <groups>
      <group name="smoke Test">
        <method signature="CreateOrganizationtest.createOrganization()[pri:0, instance:com.crm.vtiger.organizationTest.CreateOrganizationtest@3d6f0054]" name="createOrganization" class="com.crm.vtiger.organizationTest.CreateOrganizationtest"/>
      </group> <!-- smoke Test -->
      <group name="regression Test">
        <method signature="CreateOrganizationtest.createOrgWithIndType()[pri:0, instance:com.crm.vtiger.organizationTest.CreateOrganizationtest@3d6f0054]" name="createOrgWithIndType" class="com.crm.vtiger.organizationTest.CreateOrganizationtest"/>
      </group> <!-- regression Test -->
    </groups>
    <test started-at="2022-02-01T11:21:50 IST" name="Default test" finished-at="2022-02-01T11:23:38 IST" duration-ms="108105">
      <class name="com.crm.vtiger.organizationTest.CreateOrganizationtest">
        <test-method is-config="true" signature="configBS()[pri:0, instance:com.crm.vtiger.organizationTest.CreateOrganizationtest@3d6f0054]" started-at="2022-02-01T11:21:50 IST" name="configBS" finished-at="2022-02-01T11:21:50 IST" duration-ms="6" status="PASS">
          <reporter-output>
          </reporter-output>
        </test-method> <!-- configBS -->
        <test-method is-config="true" signature="configBC()[pri:0, instance:com.crm.vtiger.organizationTest.CreateOrganizationtest@3d6f0054]" started-at="2022-02-01T11:21:50 IST" name="configBC" finished-at="2022-02-01T11:22:03 IST" duration-ms="12968" status="PASS">
          <reporter-output>
          </reporter-output>
        </test-method> <!-- configBC -->
        <test-method is-config="true" signature="configBM()[pri:0, instance:com.crm.vtiger.organizationTest.CreateOrganizationtest@3d6f0054]" started-at="2022-02-01T11:22:03 IST" name="configBM" finished-at="2022-02-01T11:22:40 IST" duration-ms="36890" status="PASS">
          <reporter-output>
          </reporter-output>
        </test-method> <!-- configBM -->
        <test-method signature="createOrgWithIndType()[pri:0, instance:com.crm.vtiger.organizationTest.CreateOrganizationtest@3d6f0054]" started-at="2022-02-01T11:22:40 IST" name="createOrgWithIndType" finished-at="2022-02-01T11:23:04 IST" duration-ms="24758" status="PASS">
          <reporter-output>
          </reporter-output>
        </test-method> <!-- createOrgWithIndType -->
        <test-method is-config="true" signature="configAM()[pri:0, instance:com.crm.vtiger.organizationTest.CreateOrganizationtest@3d6f0054]" started-at="2022-02-01T11:23:04 IST" name="configAM" finished-at="2022-02-01T11:23:07 IST" duration-ms="2560" status="PASS">
          <reporter-output>
          </reporter-output>
        </test-method> <!-- configAM -->
        <test-method is-config="true" signature="configBM()[pri:0, instance:com.crm.vtiger.organizationTest.CreateOrganizationtest@3d6f0054]" started-at="2022-02-01T11:23:07 IST" name="configBM" finished-at="2022-02-01T11:23:29 IST" duration-ms="21977" status="PASS">
          <reporter-output>
          </reporter-output>
        </test-method> <!-- configBM -->
        <test-method signature="createOrganization()[pri:0, instance:com.crm.vtiger.organizationTest.CreateOrganizationtest@3d6f0054]" started-at="2022-02-01T11:23:29 IST" name="createOrganization" finished-at="2022-02-01T11:23:36 IST" duration-ms="7613" status="PASS">
          <reporter-output>
          </reporter-output>
        </test-method> <!-- createOrganization -->
        <test-method is-config="true" signature="configAM()[pri:0, instance:com.crm.vtiger.organizationTest.CreateOrganizationtest@3d6f0054]" started-at="2022-02-01T11:23:36 IST" name="configAM" finished-at="2022-02-01T11:23:37 IST" duration-ms="1058" status="PASS">
          <reporter-output>
          </reporter-output>
        </test-method> <!-- configAM -->
        <test-method is-config="true" signature="configAC()[pri:0, instance:com.crm.vtiger.organizationTest.CreateOrganizationtest@3d6f0054]" started-at="2022-02-01T11:23:37 IST" name="configAC" finished-at="2022-02-01T11:23:38 IST" duration-ms="246" status="PASS">
          <reporter-output>
          </reporter-output>
        </test-method> <!-- configAC -->
        <test-method is-config="true" signature="configAS()[pri:0, instance:com.crm.vtiger.organizationTest.CreateOrganizationtest@3d6f0054]" started-at="2022-02-01T11:23:38 IST" name="configAS" finished-at="2022-02-01T11:23:38 IST" duration-ms="0" status="PASS">
          <reporter-output>
          </reporter-output>
        </test-method> <!-- configAS -->
      </class> <!-- com.crm.vtiger.organizationTest.CreateOrganizationtest -->
    </test> <!-- Default test -->
  </suite> <!-- Default suite -->
</testng-results>
